{
  "stats": {
    "suites": 1,
    "tests": 5,
    "passes": 5,
    "pending": 0,
    "failures": 0,
    "start": "2025-07-17T17:12:21.735Z",
    "end": "2025-07-17T17:12:22.821Z",
    "duration": 1086,
    "testsRegistered": 5,
    "passPercent": 100,
    "pendingPercent": 0,
    "other": 0,
    "hasOther": false,
    "skipped": 0,
    "hasSkipped": false
  },
  "results": [
    {
      "uuid": "f00bc826-92aa-4319-8df1-69cae0d94e5c",
      "title": "",
      "fullFile": "D:\\PROJECT\\test\\userTest.js",
      "file": "\\test\\userTest.js",
      "beforeHooks": [],
      "afterHooks": [],
      "tests": [],
      "suites": [
        {
          "uuid": "7a1db6db-1029-41dc-acf6-0d5257954b50",
          "title": "GoRest User API Automation",
          "fullFile": "D:\\PROJECT\\test\\userTest.js",
          "file": "\\test\\userTest.js",
          "beforeHooks": [],
          "afterHooks": [],
          "tests": [
            {
              "title": "Create user (Positive Case)",
              "fullTitle": "GoRest User API Automation Create user (Positive Case)",
              "timedOut": false,
              "duration": 425,
              "state": "passed",
              "speed": "slow",
              "pass": true,
              "fail": false,
              "pending": false,
              "context": null,
              "code": "const res = await axios.post(API, {\n    name: 'Elhas',\n    gender: 'female',\n    email: `ressicaayu@mail.com`,\n    status: 'active'\n}, {\n    headers: { Authorization: TOKEN }\n});\nexpect(res.data.code).to.equal(201);\nexpect(res.data.data).to.have.property('id');\nuserId = res.data.data.id;",
              "err": {},
              "uuid": "8d9d81d4-1717-4db8-be71-c5aac5f37427",
              "parentUUID": "7a1db6db-1029-41dc-acf6-0d5257954b50",
              "isHook": false,
              "skipped": false
            },
            {
              "title": "Create user (Negative Case: email kosong)",
              "fullTitle": "GoRest User API Automation Create user (Negative Case: email kosong)",
              "timedOut": false,
              "duration": 154,
              "state": "passed",
              "speed": "slow",
              "pass": true,
              "fail": false,
              "pending": false,
              "context": null,
              "code": "try {\n    await axios.post(API, {\n        name: 'Error Case',\n        gender: 'male',\n        email: '',\n        status: 'active'\n    }, {\n        headers: { Authorization: TOKEN }\n        });\n    } catch (err) {\n        expect(err.response.data.code).to.equal(422);\n    }",
              "err": {},
              "uuid": "97d18352-0e8e-47a7-af57-fda1c413f45e",
              "parentUUID": "7a1db6db-1029-41dc-acf6-0d5257954b50",
              "isHook": false,
              "skipped": false
            },
            {
              "title": "Get user details",
              "fullTitle": "GoRest User API Automation Get user details",
              "timedOut": false,
              "duration": 156,
              "state": "passed",
              "speed": "slow",
              "pass": true,
              "fail": false,
              "pending": false,
              "context": null,
              "code": "const res = await axios.get(`${API}/${userId}`, {\n    headers: { Authorization: TOKEN }\n});\nexpect(res.data.code).to.equal(200);\nexpect(res.data.data).to.have.property('id', userId);",
              "err": {},
              "uuid": "efe20b75-4856-4f6e-aa33-f606f4b1dac5",
              "parentUUID": "7a1db6db-1029-41dc-acf6-0d5257954b50",
              "isHook": false,
              "skipped": false
            },
            {
              "title": "Update user details",
              "fullTitle": "GoRest User API Automation Update user details",
              "timedOut": false,
              "duration": 179,
              "state": "passed",
              "speed": "slow",
              "pass": true,
              "fail": false,
              "pending": false,
              "context": null,
              "code": "const res = await axios.put(`${API}/${userId}`, {\n    name: 'Ayu Elhas'\n}, {\n        headers: { Authorization: TOKEN }\n    });\nexpect(res.data.code).to.equal(200);\nexpect(res.data.data.name).to.equal('Ayu Elhas');",
              "err": {},
              "uuid": "c3d2cd03-ce22-42f5-aaf1-8c433845aeb6",
              "parentUUID": "7a1db6db-1029-41dc-acf6-0d5257954b50",
              "isHook": false,
              "skipped": false
            },
            {
              "title": "Delete user",
              "fullTitle": "GoRest User API Automation Delete user",
              "timedOut": false,
              "duration": 160,
              "state": "passed",
              "speed": "slow",
              "pass": true,
              "fail": false,
              "pending": false,
              "context": null,
              "code": "const res = await axios.delete(`${API}/${userId}`, {\n    headers: { Authorization: TOKEN }\n});\nexpect(res.data.code).to.equal(204);",
              "err": {},
              "uuid": "9342a767-f191-4955-9bc6-f4a986283f3f",
              "parentUUID": "7a1db6db-1029-41dc-acf6-0d5257954b50",
              "isHook": false,
              "skipped": false
            }
          ],
          "suites": [],
          "passes": [
            "8d9d81d4-1717-4db8-be71-c5aac5f37427",
            "97d18352-0e8e-47a7-af57-fda1c413f45e",
            "efe20b75-4856-4f6e-aa33-f606f4b1dac5",
            "c3d2cd03-ce22-42f5-aaf1-8c433845aeb6",
            "9342a767-f191-4955-9bc6-f4a986283f3f"
          ],
          "failures": [],
          "pending": [],
          "skipped": [],
          "duration": 1074,
          "root": false,
          "rootEmpty": false,
          "_timeout": 2000
        }
      ],
      "passes": [],
      "failures": [],
      "pending": [],
      "skipped": [],
      "duration": 0,
      "root": true,
      "rootEmpty": true,
      "_timeout": 2000
    }
  ],
  "meta": {
    "mocha": {
      "version": "11.7.1"
    },
    "mochawesome": {
      "options": {
        "quiet": false,
        "reportFilename": "mochawesome",
        "saveHtml": true,
        "saveJson": true,
        "consoleReporter": "spec",
        "useInlineDiffs": false,
        "code": true
      },
      "version": "7.1.3"
    },
    "marge": {
      "options": null,
      "version": "6.2.0"
    }
  }
}